{
  "RSpec": {
    "coverage": {
      "/Users/robertjones/Projects/tech_tests/stafford_long/Chatter/spec/controllers/messages_controller_spec.rb": [
        1,
        null,
        1,
        null,
        1,
        1,
        1,
        1,
        null,
        null,
        null
      ],
      "/Users/robertjones/Projects/tech_tests/stafford_long/Chatter/spec/rails_helper.rb": [
        null,
        1,
        1,
        1,
        null,
        1,
        1,
        null,
        null,
        null,
        null,
        null,
        null,
        null,
        null,
        null,
        null,
        null,
        null,
        null,
        null,
        null,
        null,
        null,
        null,
        null,
        1,
        null,
        1,
        null,
        1,
        null,
        null,
        null,
        null,
        1,
        null,
        null,
        null,
        null,
        null,
        null,
        null,
        null,
        null,
        null,
        null,
        null,
        null,
        null,
        1,
        null,
        null,
        1,
        null,
        null,
        null
      ],
      "/Users/robertjones/Projects/tech_tests/stafford_long/Chatter/config/environment.rb": [
        null,
        1,
        null,
        null,
        1
      ],
      "/Users/robertjones/Projects/tech_tests/stafford_long/Chatter/config/application.rb": [
        1,
        null,
        1,
        null,
        1,
        1,
        1,
        1,
        1,
        1,
        1,
        1,
        null,
        null,
        null,
        null,
        1,
        null,
        1,
        1,
        null,
        1,
        null,
        null,
        null,
        null,
        null,
        null,
        1,
        null,
        null
      ],
      "/Users/robertjones/Projects/tech_tests/stafford_long/Chatter/config/boot.rb": [
        1,
        null,
        1
      ],
      "/Users/robertjones/Projects/tech_tests/stafford_long/Chatter/config/environments/test.rb": [
        1,
        null,
        null,
        null,
        null,
        null,
        null,
        1,
        null,
        null,
        null,
        null,
        1,
        null,
        null,
        1,
        1,
        null,
        null,
        null,
        null,
        1,
        1,
        null,
        null,
        1,
        null,
        null,
        1,
        1,
        null,
        null,
        null,
        null,
        1,
        null,
        null,
        1,
        null,
        null,
        null,
        null
      ],
      "/Users/robertjones/Projects/tech_tests/stafford_long/Chatter/config/initializers/application_controller_renderer.rb": [
        null,
        null,
        null,
        null,
        null,
        null
      ],
      "/Users/robertjones/Projects/tech_tests/stafford_long/Chatter/config/initializers/assets.rb": [
        null,
        null,
        null,
        1,
        null,
        null,
        null,
        null,
        1,
        null,
        null,
        null,
        null,
        null
      ],
      "/Users/robertjones/Projects/tech_tests/stafford_long/Chatter/config/initializers/backtrace_silencers.rb": [
        null,
        null,
        null,
        null,
        null,
        null,
        null
      ],
      "/Users/robertjones/Projects/tech_tests/stafford_long/Chatter/config/initializers/cookies_serializer.rb": [
        null,
        null,
        null,
        null,
        1
      ],
      "/Users/robertjones/Projects/tech_tests/stafford_long/Chatter/config/initializers/filter_parameter_logging.rb": [
        null,
        null,
        null,
        1
      ],
      "/Users/robertjones/Projects/tech_tests/stafford_long/Chatter/config/initializers/inflections.rb": [
        null,
        null,
        null,
        null,
        null,
        null,
        null,
        null,
        null,
        null,
        null,
        null,
        null,
        null,
        null,
        null
      ],
      "/Users/robertjones/Projects/tech_tests/stafford_long/Chatter/config/initializers/mime_types.rb": [
        null,
        null,
        null,
        null
      ],
      "/Users/robertjones/Projects/tech_tests/stafford_long/Chatter/config/initializers/wrap_parameters.rb": [
        null,
        null,
        null,
        null,
        null,
        null,
        1,
        2,
        null,
        null,
        null,
        null,
        null,
        null
      ],
      "/Users/robertjones/Projects/tech_tests/stafford_long/Chatter/spec/factories/messages.rb": [
        1,
        1,
        1,
        null,
        null
      ],
      "/Users/robertjones/Projects/tech_tests/stafford_long/Chatter/spec/factories/responses.rb": [
        1,
        1,
        1,
        null,
        null
      ],
      "/Users/robertjones/Projects/tech_tests/stafford_long/Chatter/config/routes.rb": [
        1,
        1,
        null,
        1,
        1,
        null
      ],
      "/Users/robertjones/Projects/tech_tests/stafford_long/Chatter/app/helpers/application_helper.rb": [
        1,
        null
      ],
      "/Users/robertjones/Projects/tech_tests/stafford_long/Chatter/app/helpers/messages_helper.rb": [
        1,
        null
      ],
      "/Users/robertjones/Projects/tech_tests/stafford_long/Chatter/app/controllers/messages_controller.rb": [
        1,
        1,
        3,
        3,
        null,
        null
      ],
      "/Users/robertjones/Projects/tech_tests/stafford_long/Chatter/app/controllers/application_controller.rb": [
        1,
        1,
        null
      ],
      "/Users/robertjones/Projects/tech_tests/stafford_long/Chatter/spec/features/user_can_submit_and_see_single_response_spec.rb": [
        1,
        null,
        1,
        1,
        1,
        1,
        1,
        1,
        1,
        null,
        null
      ],
      "/Users/robertjones/Projects/tech_tests/stafford_long/Chatter/spec/features/user_sees_message_spec.rb": [
        1,
        null,
        1,
        1,
        1,
        1,
        1,
        null,
        null
      ],
      "/Users/robertjones/Projects/tech_tests/stafford_long/Chatter/spec/helpers/messages_helper_spec.rb": [
        1,
        null,
        null,
        null,
        null,
        null,
        null,
        null,
        null,
        null,
        null,
        null,
        1,
        null,
        null
      ],
      "/Users/robertjones/Projects/tech_tests/stafford_long/Chatter/spec/models/message_spec.rb": [
        1,
        null,
        1,
        2,
        null
      ],
      "/Users/robertjones/Projects/tech_tests/stafford_long/Chatter/app/models/message.rb": [
        1,
        1,
        null
      ],
      "/Users/robertjones/Projects/tech_tests/stafford_long/Chatter/app/models/application_record.rb": [
        1,
        1,
        null
      ],
      "/Users/robertjones/Projects/tech_tests/stafford_long/Chatter/spec/models/response_spec.rb": [
        1,
        null,
        1,
        2,
        null
      ],
      "/Users/robertjones/Projects/tech_tests/stafford_long/Chatter/app/models/response.rb": [
        1,
        1,
        null
      ],
      "/Users/robertjones/Projects/tech_tests/stafford_long/Chatter/spec/views/messages/index.html.erb_spec.rb": [
        1,
        null,
        1,
        null,
        null
      ]
    },
    "timestamp": 1499884868
  }
}
